<?xml version="1.0" encoding="UTF-8"?>
<!-- Generated by org.testng.reporters.JUnitReportReporter -->
<testsuite hostname="DESKTOP-T6M756F" name="com.scripts.TestScript" tests="2" failures="0" timestamp="20 May 2021 12:00:31 GMT" time="0.005" errors="0">
  <testcase name="TCID_004_include" time="0.001" classname="com.scripts.TestScript"/>
  <testcase name="TCID_004_regression" time="0.004" classname="com.scripts.TestScript"/>
</testsuite> <!-- com.scripts.TestScript -->
