<?xml version="1.0" encoding="UTF-8"?>
<!-- Generated by org.testng.reporters.JUnitReportReporter -->
<testsuite hostname="DESKTOP-T6M756F" name="com.scripts.TestFacebookSignUp" tests="4" failures="0" timestamp="24 May 2021 05:30:42 GMT" time="9.461" errors="0">
  <testcase name="TCID_004_regression" time="0.001" classname="com.scripts.TestFacebookSignUp"/>
  <testcase name="TCID_001_verifySignUp" time="9.458" classname="com.scripts.TestFacebookSignUp"/>
  <testcase name="TCID_002_include" time="0.001" classname="com.scripts.TestFacebookSignUp"/>
  <testcase name="TCID_003_sanity" time="0.001" classname="com.scripts.TestFacebookSignUp"/>
</testsuite> <!-- com.scripts.TestFacebookSignUp -->
