<?xml version="1.0" encoding="UTF-8"?>
<!-- Generated by org.testng.reporters.JUnitReportReporter -->
<testsuite hostname="DESKTOP-T6M756F" name="com.scripts.TestFacebookSignUp" tests="2" failures="0" timestamp="20 May 2021 12:00:31 GMT" time="0.016" errors="0">
  <testcase name="TCID_004_regression" time="0.004" classname="com.scripts.TestFacebookSignUp"/>
  <testcase name="TCID_002_include" time="0.012" classname="com.scripts.TestFacebookSignUp"/>
</testsuite> <!-- com.scripts.TestFacebookSignUp -->
