<?xml version="1.0" encoding="UTF-8"?>
<!-- Generated by org.testng.reporters.JUnitReportReporter -->
<testsuite hostname="DESKTOP-T6M756F" name="com.scripts.parallelTest.TestBrowser" tests="2" failures="0" timestamp="24 May 2021 17:03:40 GMT" time="216.446" errors="0">
  <testcase name="doParallelTest" time="116.199" classname="com.scripts.parallelTest.TestBrowser"/>
  <testcase name="doParallelTest" time="100.247" classname="com.scripts.parallelTest.TestBrowser"/>
</testsuite> <!-- com.scripts.parallelTest.TestBrowser -->
