<?xml version="1.0" encoding="UTF-8"?>
<!-- Generated by org.testng.reporters.JUnitReportReporter -->
<testsuite hostname="DESKTOP-T6M756F" name="com.scripts.TestScript" tests="5" failures="0" timestamp="23 May 2021 13:17:03 GMT" time="17.544" errors="0">
  <testcase name="TCID_004_include" time="0.138" classname="com.scripts.TestScript"/>
  <testcase name="TCID_003_verifyHomepage" time="0.126" classname="com.scripts.TestScript"/>
  <testcase name="TCID_004_regression" time="0.004" classname="com.scripts.TestScript"/>
  <testcase name="TCID_005_sanity" time="0.002" classname="com.scripts.TestScript"/>
  <testcase name="TCID_001_verifyLoginPage" time="17.274" classname="com.scripts.TestScript"/>
</testsuite> <!-- com.scripts.TestScript -->
